{"/Users/georgedainton/Projects/makers/techTests/bank/lib/bankAccount.js": {"path":"/Users/georgedainton/Projects/makers/techTests/bank/lib/bankAccount.js","statementMap":{"0":{"start":{"line":3,"column":4},"end":{"line":3,"column":20}},"1":{"start":{"line":4,"column":4},"end":{"line":4,"column":26}},"2":{"start":{"line":9,"column":16},"end":{"line":9,"column":26}},"3":{"start":{"line":10,"column":15},"end":{"line":10,"column":55}},"4":{"start":{"line":11,"column":15},"end":{"line":11,"column":60}},"5":{"start":{"line":12,"column":17},"end":{"line":12,"column":36}},"6":{"start":{"line":13,"column":4},"end":{"line":13,"column":38}},"7":{"start":{"line":14,"column":30},"end":{"line":19,"column":5}},"8":{"start":{"line":20,"column":4},"end":{"line":20,"column":45}},"9":{"start":{"line":21,"column":4},"end":{"line":21,"column":26}},"10":{"start":{"line":25,"column":16},"end":{"line":25,"column":26}},"11":{"start":{"line":26,"column":15},"end":{"line":26,"column":55}},"12":{"start":{"line":27,"column":15},"end":{"line":27,"column":60}},"13":{"start":{"line":28,"column":17},"end":{"line":28,"column":36}},"14":{"start":{"line":29,"column":4},"end":{"line":29,"column":38}},"15":{"start":{"line":30,"column":4},"end":{"line":41,"column":5}},"16":{"start":{"line":31,"column":6},"end":{"line":31,"column":39}},"17":{"start":{"line":33,"column":32},"end":{"line":38,"column":7}},"18":{"start":{"line":39,"column":6},"end":{"line":39,"column":47}},"19":{"start":{"line":40,"column":6},"end":{"line":40,"column":28}},"20":{"start":{"line":45,"column":14},"end":{"line":45,"column":60}},"21":{"start":{"line":46,"column":4},"end":{"line":52,"column":5}},"22":{"start":{"line":46,"column":17},"end":{"line":46,"column":18}},"23":{"start":{"line":47,"column":6},"end":{"line":51,"column":7}},"24":{"start":{"line":48,"column":8},"end":{"line":48,"column":149}},"25":{"start":{"line":50,"column":8},"end":{"line":50,"column":149}},"26":{"start":{"line":53,"column":4},"end":{"line":53,"column":14}},"27":{"start":{"line":57,"column":0},"end":{"line":57,"column":28}}},"fnMap":{"0":{"name":"(anonymous_0)","decl":{"start":{"line":2,"column":2},"end":{"line":2,"column":3}},"loc":{"start":{"line":2,"column":17},"end":{"line":5,"column":3}},"line":2},"1":{"name":"(anonymous_1)","decl":{"start":{"line":7,"column":2},"end":{"line":7,"column":3}},"loc":{"start":{"line":7,"column":19},"end":{"line":22,"column":3}},"line":7},"2":{"name":"(anonymous_2)","decl":{"start":{"line":24,"column":2},"end":{"line":24,"column":3}},"loc":{"start":{"line":24,"column":20},"end":{"line":42,"column":3}},"line":24},"3":{"name":"(anonymous_3)","decl":{"start":{"line":44,"column":2},"end":{"line":44,"column":3}},"loc":{"start":{"line":44,"column":20},"end":{"line":54,"column":3}},"line":44}},"branchMap":{"0":{"loc":{"start":{"line":30,"column":4},"end":{"line":41,"column":5}},"type":"if","locations":[{"start":{"line":30,"column":4},"end":{"line":41,"column":5}},{"start":{"line":32,"column":11},"end":{"line":41,"column":5}}],"line":30},"1":{"loc":{"start":{"line":47,"column":6},"end":{"line":51,"column":7}},"type":"if","locations":[{"start":{"line":47,"column":6},"end":{"line":51,"column":7}},{"start":{"line":49,"column":13},"end":{"line":51,"column":7}}],"line":47}},"s":{"0":10,"1":10,"2":9,"3":9,"4":9,"5":9,"6":9,"7":9,"8":9,"9":9,"10":5,"11":5,"12":5,"13":5,"14":5,"15":5,"16":1,"17":4,"18":4,"19":4,"20":5,"21":5,"22":5,"23":7,"24":5,"25":2,"26":5,"27":1},"f":{"0":10,"1":9,"2":5,"3":5},"b":{"0":[1,4],"1":[5,2]},"_coverageSchema":"1a1c01bbd47fc00a2c39e90264f33305004495a9","hash":"b6bcfcef73fda8fb68c839fa8e8a12e6da715a1e"}
}
