{"/Users/georgedainton/Projects/makers/techTests/bank/bankAccount.js": {"path":"/Users/georgedainton/Projects/makers/techTests/bank/bankAccount.js","statementMap":{"0":{"start":{"line":3,"column":4},"end":{"line":3,"column":20}},"1":{"start":{"line":4,"column":4},"end":{"line":4,"column":26}},"2":{"start":{"line":8,"column":16},"end":{"line":8,"column":26}},"3":{"start":{"line":9,"column":13},"end":{"line":9,"column":53}},"4":{"start":{"line":10,"column":13},"end":{"line":10,"column":58}},"5":{"start":{"line":11,"column":15},"end":{"line":11,"column":34}},"6":{"start":{"line":12,"column":4},"end":{"line":12,"column":39}},"7":{"start":{"line":14,"column":30},"end":{"line":18,"column":5}},"8":{"start":{"line":20,"column":4},"end":{"line":20,"column":45}},"9":{"start":{"line":21,"column":4},"end":{"line":21,"column":26}},"10":{"start":{"line":25,"column":14},"end":{"line":25,"column":60}},"11":{"start":{"line":26,"column":6},"end":{"line":32,"column":7}},"12":{"start":{"line":26,"column":18},"end":{"line":26,"column":19}},"13":{"start":{"line":27,"column":8},"end":{"line":31,"column":7}},"14":{"start":{"line":28,"column":10},"end":{"line":28,"column":152}},"15":{"start":{"line":30,"column":10},"end":{"line":30,"column":154}},"16":{"start":{"line":33,"column":6},"end":{"line":33,"column":17}},"17":{"start":{"line":37,"column":0},"end":{"line":37,"column":28}}},"fnMap":{"0":{"name":"(anonymous_0)","decl":{"start":{"line":2,"column":2},"end":{"line":2,"column":3}},"loc":{"start":{"line":2,"column":16},"end":{"line":5,"column":3}},"line":2},"1":{"name":"(anonymous_1)","decl":{"start":{"line":7,"column":2},"end":{"line":7,"column":3}},"loc":{"start":{"line":7,"column":19},"end":{"line":22,"column":3}},"line":7},"2":{"name":"(anonymous_2)","decl":{"start":{"line":24,"column":2},"end":{"line":24,"column":3}},"loc":{"start":{"line":24,"column":19},"end":{"line":34,"column":3}},"line":24}},"branchMap":{"0":{"loc":{"start":{"line":27,"column":8},"end":{"line":31,"column":7}},"type":"if","locations":[{"start":{"line":27,"column":8},"end":{"line":31,"column":7}},{"start":{"line":29,"column":15},"end":{"line":31,"column":7}}],"line":27}},"s":{"0":7,"1":7,"2":10,"3":10,"4":10,"5":10,"6":10,"7":10,"8":10,"9":10,"10":3,"11":3,"12":3,"13":4,"14":3,"15":1,"16":3,"17":1},"f":{"0":7,"1":10,"2":3},"b":{"0":[3,1]},"_coverageSchema":"1a1c01bbd47fc00a2c39e90264f33305004495a9","hash":"0fc268ab041509a224cf03eaf43d7d3dc123036c"}
}
