TN:
SF:lib/bankAccount.js
FN:2,(anonymous_0)
FN:7,(anonymous_1)
FN:24,(anonymous_2)
FN:44,(anonymous_3)
FNF:4
FNH:4
FNDA:10,(anonymous_0)
FNDA:9,(anonymous_1)
FNDA:5,(anonymous_2)
FNDA:5,(anonymous_3)
DA:3,10
DA:4,10
DA:9,9
DA:10,9
DA:11,9
DA:12,9
DA:13,9
DA:14,9
DA:20,9
DA:21,9
DA:25,5
DA:26,5
DA:27,5
DA:28,5
DA:29,5
DA:30,5
DA:31,1
DA:33,4
DA:39,4
DA:40,4
DA:45,5
DA:46,5
DA:47,7
DA:48,5
DA:50,2
DA:53,5
DA:57,1
LF:27
LH:27
BRDA:30,0,0,1
BRDA:30,0,1,4
BRDA:47,1,0,5
BRDA:47,1,1,2
BRF:4
BRH:4
end_of_record
